Input file:  SRR11207337_metagenome_mock_dna_R1.fastq
Picked up _JAVA_OPTIONS: -Dhttp.proxyHost=172.24.2.50 -Dhttp.proxyPort=8080 -Dhttps.proxyHost=172.24.2.50 -Dhttps.proxyPort=8080
Picked up _JAVA_OPTIONS: -Dhttp.proxyHost=172.24.2.50 -Dhttp.proxyPort=8080 -Dhttps.proxyHost=172.24.2.50 -Dhttps.proxyPort=8080
TrimmomaticSE: Started with arguments:
 -threads 8 -phred33 /ngsssd1/rcug/wochenende_manuscript/mock_sui_2020/wochenende/SRR11207337_metagenome_mock_dna_R1.ndp.fastq /ngsssd1/rcug/wochenende_manuscript/mock_sui_2020/wochenende/SRR11207337_metagenome_mock_dna_R1.ndp.trm.fastq ILLUMINACLIP:/mnt/ngsnfs/tools/miniconda3/envs/wochenende/share/trimmomatic-0.38-0/adapters/TruSeq3-PE.fa:2:30:10 LEADING:3 TRAILING:3 SLIDINGWINDOW:4:15 MINLEN:36
Using PrefixPair: 'TACACTCTTTCCCTACACGACGCTCTTCCGATCT' and 'GTGACTGGAGTTCAGACGTGTGCTCTTCCGATCT'
ILLUMINACLIP: Using 1 prefix pairs, 0 forward/reverse sequences, 0 forward only sequences, 0 reverse only sequences
Input Reads: 10292462 Surviving: 10290082 (99.98%) Dropped: 2380 (0.02%)
TrimmomaticSE: Completed successfully
[M::bwa_idx_load_from_disk] read 0 ALT contigs
[M::process] read 826238 sequences (120000170 bp)...
[M::process] read 822570 sequences (120000078 bp)...
[M::mem_process_seqs] Processed 826238 reads in 321.909 CPU sec, 27.315 real sec
[M::process] read 817822 sequences (120000281 bp)...
[M::mem_process_seqs] Processed 822570 reads in 312.356 CPU sec, 25.916 real sec
[M::process] read 819552 sequences (120000210 bp)...
[M::mem_process_seqs] Processed 817822 reads in 310.891 CPU sec, 25.729 real sec
[M::process] read 818222 sequences (120000255 bp)...
[M::mem_process_seqs] Processed 819552 reads in 311.467 CPU sec, 25.832 real sec
[M::process] read 814398 sequences (120000135 bp)...
[M::mem_process_seqs] Processed 818222 reads in 309.407 CPU sec, 25.653 real sec
[M::process] read 822172 sequences (120000170 bp)...
[M::mem_process_seqs] Processed 814398 reads in 309.537 CPU sec, 25.670 real sec
[M::process] read 824316 sequences (120000166 bp)...
[M::mem_process_seqs] Processed 822172 reads in 312.220 CPU sec, 25.943 real sec
[M::process] read 826182 sequences (120000298 bp)...
[M::mem_process_seqs] Processed 824316 reads in 310.219 CPU sec, 25.754 real sec
[M::process] read 824616 sequences (120000094 bp)...
[M::mem_process_seqs] Processed 826182 reads in 310.737 CPU sec, 25.739 real sec
[M::process] read 821220 sequences (120000023 bp)...
[M::mem_process_seqs] Processed 824616 reads in 309.521 CPU sec, 25.799 real sec
[M::process] read 820198 sequences (120000024 bp)...
[M::mem_process_seqs] Processed 821220 reads in 308.454 CPU sec, 25.550 real sec
[M::process] read 432576 sequences (63437290 bp)...
[M::mem_process_seqs] Processed 820198 reads in 307.212 CPU sec, 25.529 real sec
[M::mem_process_seqs] Processed 432576 reads in 165.023 CPU sec, 13.712 real sec
[main] Version: 0.7.17-r1188
[main] CMD: bwa mem -t 12 -R @RG\tID:SRR11207337_metagenome_mock_dna_R1_001\tSM:SRR11207337_metagenome_mock_dna_R1 /lager2/rcug/seqres/metagenref/bwa/2021_02_human_bact_fungi_vir_masked.fa /ngsssd1/rcug/wochenende_manuscript/mock_sui_2020/wochenende/SRR11207337_metagenome_mock_dna_R1.ndp.trm.fastq
[main] Real time: 418.181 sec; CPU: 3931.262 sec
[bam_sort_core] merging from 0 files and 8 in-memory blocks...
[M::bam2fq_mainloop] discarded 0 singletons
[M::bam2fq_mainloop] processed 491209 reads
Wochenende - Whole Genome/Metagenome Sequencing Alignment Pipeline
Wochenende was created by Dr. Colin Davenport, Tobias Scheithauer and Fabian Friedrich with help from many further contributors https://github.com/MHH-RCUG/Wochenende/graphs/contributors
version: 1.9.3 - April 2021

Meta/genome selected: 2021_02_meta_fungi_human_masked
######  FastQC  ######
######  Remove non-unique reads with Perldup  ######
######  Trimming with Trimmomatic - SE  ######
######  Alignment  ######
bwa mem -t 12 -R "@RG\tID:SRR11207337_metagenome_mock_dna_R1_001\tSM:SRR11207337_metagenome_mock_dna_R1" /lager2/rcug/seqres/metagenref/bwa/2021_02_human_bact_fungi_vir_masked.fa /ngsssd1/rcug/wochenende_manuscript/mock_sui_2020/wochenende/SRR11207337_metagenome_mock_dna_R1.ndp.trm.fastq | samtools view -@ 8 -bhS > /ngsssd1/rcug/wochenende_manuscript/mock_sui_2020/wochenende/SRR11207337_metagenome_mock_dna_R1.ndp.trm.bam
######  Sort BAM  ######
######  Index BAM  ######
######  Samtools index stats - chromosome counts  ######
######  samtools flagstat  ######
samtools flagstat /ngsssd1/rcug/wochenende_manuscript/mock_sui_2020/wochenende/SRR11207337_metagenome_mock_dna_R1.ndp.trm.s.bam > /ngsssd1/rcug/wochenende_manuscript/mock_sui_2020/wochenende/SRR11207337_metagenome_mock_dna_R1.ndp.trm.s.bam.flagstat.txt
######  Get unmapped reads from BAM  ######
samtools view -f 4 /ngsssd1/rcug/wochenende_manuscript/mock_sui_2020/wochenende/SRR11207337_metagenome_mock_dna_R1.ndp.trm.s.bam | samtools bam2fq - > /ngsssd1/rcug/wochenende_manuscript/mock_sui_2020/wochenende/SRR11207337_metagenome_mock_dna_R1.ndp.trm.s.bam.unmapped.fastq
samtools view -f 4 /ngsssd1/rcug/wochenende_manuscript/mock_sui_2020/wochenende/SRR11207337_metagenome_mock_dna_R1.ndp.trm.s.bam | samtools bam2fq - > /ngsssd1/rcug/wochenende_manuscript/mock_sui_2020/wochenende/SRR11207337_metagenome_mock_dna_R1.ndp.trm.s.bam.unmapped.fastq
Bamtools fixed cmd: bamtools filter -in /ngsssd1/rcug/wochenende_manuscript/mock_sui_2020/wochenende/SRR11207337_metagenome_mock_dna_R1.ndp.trm.s.bam -out /ngsssd1/rcug/wochenende_manuscript/mock_sui_2020/wochenende/SRR11207337_metagenome_mock_dna_R1.ndp.trm.s.mm.bam -tag "NM:<3"
######  Index BAM  ######
######  Samtools index stats - chromosome counts  ######
######  Samtools mark duplicates  ######
######  Index BAM  ######
######  Samtools index stats - chromosome counts  ######
######  Remove MQ20/30 reads  ######
######  Index BAM  ######
######  Samtools index stats - chromosome counts  ######
######  Index BAM  ######
######  Samtools index stats - chromosome counts  ######
Filelist item: FastQC
Filelist item: /ngsssd1/rcug/wochenende_manuscript/mock_sui_2020/wochenende/SRR11207337_metagenome_mock_dna_R1.fastq
Filelist item: /ngsssd1/rcug/wochenende_manuscript/mock_sui_2020/wochenende/SRR11207337_metagenome_mock_dna_R1.fastq
Filelist item: Remove non-unique reads with Perldup
Filelist item: /ngsssd1/rcug/wochenende_manuscript/mock_sui_2020/wochenende/SRR11207337_metagenome_mock_dna_R1.fastq
Filelist item: /ngsssd1/rcug/wochenende_manuscript/mock_sui_2020/wochenende/SRR11207337_metagenome_mock_dna_R1.ndp.fastq
Filelist item: Trimming with Trimmomatic - SE
Filelist item: /ngsssd1/rcug/wochenende_manuscript/mock_sui_2020/wochenende/SRR11207337_metagenome_mock_dna_R1.ndp.fastq
Filelist item: /ngsssd1/rcug/wochenende_manuscript/mock_sui_2020/wochenende/SRR11207337_metagenome_mock_dna_R1.ndp.trm.fastq
Filelist item: Alignment
Filelist item: /ngsssd1/rcug/wochenende_manuscript/mock_sui_2020/wochenende/SRR11207337_metagenome_mock_dna_R1.ndp.trm.fastq
Filelist item: /ngsssd1/rcug/wochenende_manuscript/mock_sui_2020/wochenende/SRR11207337_metagenome_mock_dna_R1.ndp.trm.bam
Filelist item: Sort BAM
Filelist item: /ngsssd1/rcug/wochenende_manuscript/mock_sui_2020/wochenende/SRR11207337_metagenome_mock_dna_R1.ndp.trm.bam
Filelist item: /ngsssd1/rcug/wochenende_manuscript/mock_sui_2020/wochenende/SRR11207337_metagenome_mock_dna_R1.ndp.trm.s.bam
Filelist item: Samtools index stats - chromosome counts
Filelist item: /ngsssd1/rcug/wochenende_manuscript/mock_sui_2020/wochenende/SRR11207337_metagenome_mock_dna_R1.ndp.trm.s.bam
Filelist item: /ngsssd1/rcug/wochenende_manuscript/mock_sui_2020/wochenende/SRR11207337_metagenome_mock_dna_R1.ndp.trm.s.bam.txt
Filelist item: Keep only reads with x mismatches (default 3) - for metagenomics
Filelist item: /ngsssd1/rcug/wochenende_manuscript/mock_sui_2020/wochenende/SRR11207337_metagenome_mock_dna_R1.ndp.trm.s.bam
Filelist item: /ngsssd1/rcug/wochenende_manuscript/mock_sui_2020/wochenende/SRR11207337_metagenome_mock_dna_R1.ndp.trm.s.mm.bam
Filelist item: Samtools index stats - chromosome counts
Filelist item: /ngsssd1/rcug/wochenende_manuscript/mock_sui_2020/wochenende/SRR11207337_metagenome_mock_dna_R1.ndp.trm.s.mm.bam
Filelist item: /ngsssd1/rcug/wochenende_manuscript/mock_sui_2020/wochenende/SRR11207337_metagenome_mock_dna_R1.ndp.trm.s.mm.bam.txt
Filelist item: Samtools mark duplicates
Filelist item: /ngsssd1/rcug/wochenende_manuscript/mock_sui_2020/wochenende/SRR11207337_metagenome_mock_dna_R1.ndp.trm.s.mm.bam
Filelist item: /ngsssd1/rcug/wochenende_manuscript/mock_sui_2020/wochenende/SRR11207337_metagenome_mock_dna_R1.ndp.trm.s.mm.dup.bam
Filelist item: Samtools index stats - chromosome counts
Filelist item: /ngsssd1/rcug/wochenende_manuscript/mock_sui_2020/wochenende/SRR11207337_metagenome_mock_dna_R1.ndp.trm.s.mm.dup.bam
Filelist item: /ngsssd1/rcug/wochenende_manuscript/mock_sui_2020/wochenende/SRR11207337_metagenome_mock_dna_R1.ndp.trm.s.mm.dup.bam.txt
Filelist item: Remove MQ20/30 reads
Filelist item: /ngsssd1/rcug/wochenende_manuscript/mock_sui_2020/wochenende/SRR11207337_metagenome_mock_dna_R1.ndp.trm.s.mm.dup.bam
Filelist item: /ngsssd1/rcug/wochenende_manuscript/mock_sui_2020/wochenende/SRR11207337_metagenome_mock_dna_R1.ndp.trm.s.mm.dup.mq30.bam
Filelist item: Samtools index stats - chromosome counts
Filelist item: /ngsssd1/rcug/wochenende_manuscript/mock_sui_2020/wochenende/SRR11207337_metagenome_mock_dna_R1.ndp.trm.s.mm.dup.mq30.bam
Filelist item: /ngsssd1/rcug/wochenende_manuscript/mock_sui_2020/wochenende/SRR11207337_metagenome_mock_dna_R1.ndp.trm.s.mm.dup.mq30.bam.txt
Filelist item: Samtools calmd
Filelist item: /ngsssd1/rcug/wochenende_manuscript/mock_sui_2020/wochenende/SRR11207337_metagenome_mock_dna_R1.ndp.trm.s.mm.dup.mq30.bam
Filelist item: /ngsssd1/rcug/wochenende_manuscript/mock_sui_2020/wochenende/SRR11207337_metagenome_mock_dna_R1.ndp.trm.s.mm.dup.mq30.calmd.bam
Filelist item: Samtools index stats - chromosome counts
Filelist item: /ngsssd1/rcug/wochenende_manuscript/mock_sui_2020/wochenende/SRR11207337_metagenome_mock_dna_R1.ndp.trm.s.mm.dup.mq30.calmd.bam
Filelist item: /ngsssd1/rcug/wochenende_manuscript/mock_sui_2020/wochenende/SRR11207337_metagenome_mock_dna_R1.ndp.trm.s.mm.dup.mq30.calmd.bam.txt
